<?xml version="1.0"?>
<!DOCTYPE coverage SYSTEM "http://cobertura.sourceforge.net/xml/coverage-04.dtd">

<coverage line-rate="0.6607929515418502" branch-rate="0.532258064516129" lines-covered="150" lines-valid="227" branches-covered="33" branches-valid="62" complexity="1.3333333333333333" version="1.9.4.1" timestamp="1377919793067">
	<sources>
		<source>--source</source>
		<source>/Users/mlanyon/Desktop/spring-grabbag/src/main/java</source>
	</sources>
	<packages>
		<package name="org.lanyonm.grabbag.config" line-rate="0.5434782608695652" branch-rate="0.375" complexity="1.5555555555555556">
			<classes>
				<class name="org.lanyonm.grabbag.config.DataConfig" filename="org/lanyonm/grabbag/config/DataConfig.java" line-rate="1.0" branch-rate="1.0" complexity="1.0">
					<methods>
						<method name="&lt;init&gt;" signature="()V" line-rate="1.0" branch-rate="1.0">
							<lines>
								<line number="19" hits="20" branch="false"/>
							</lines>
						</method>
						<method name="dataSource" signature="()Ljavax/sql/DataSource;" line-rate="1.0" branch-rate="1.0">
							<lines>
								<line number="23" hits="36" branch="false"/>
							</lines>
						</method>
						<method name="sqlSessionFactory" signature="()Lorg/apache/ibatis/session/SqlSessionFactory;" line-rate="1.0" branch-rate="1.0">
							<lines>
								<line number="37" hits="36" branch="false"/>
								<line number="38" hits="36" branch="false"/>
								<line number="39" hits="20" branch="false"/>
								<line number="40" hits="20" branch="false"/>
							</lines>
						</method>
						<method name="transactionManager" signature="()Lorg/springframework/jdbc/datasource/DataSourceTransactionManager;" line-rate="1.0" branch-rate="1.0">
							<lines>
								<line number="32" hits="20" branch="false"/>
							</lines>
						</method>
					</methods>
					<lines>
						<line number="19" hits="20" branch="false"/>
						<line number="23" hits="36" branch="false"/>
						<line number="32" hits="20" branch="false"/>
						<line number="37" hits="36" branch="false"/>
						<line number="38" hits="36" branch="false"/>
						<line number="39" hits="20" branch="false"/>
						<line number="40" hits="20" branch="false"/>
					</lines>
				</class>
				<class name="org.lanyonm.grabbag.config.ViewResolver" filename="org/lanyonm/grabbag/config/ViewResolver.java" line-rate="1.0" branch-rate="0.75" complexity="2.0">
					<methods>
						<method name="&lt;init&gt;" signature="()V" line-rate="1.0" branch-rate="1.0">
							<lines>
								<line number="20" hits="8" branch="false"/>
								<line number="21" hits="8" branch="false"/>
								<line number="22" hits="8" branch="false"/>
								<line number="23" hits="8" branch="false"/>
							</lines>
						</method>
						<method name="buildView" signature="(Ljava/lang/String;)Lorg/springframework/web/servlet/view/AbstractUrlBasedView;" line-rate="1.0" branch-rate="0.75">
							<lines>
								<line number="27" hits="28" branch="true" condition-coverage="75% (3/4)">
									<conditions>
										<condition number="0" type="jump" coverage="100%"/>
										<condition number="1" type="jump" coverage="50%"/>
									</conditions>
								</line>
								<line number="28" hits="4" branch="false"/>
								<line number="29" hits="28" branch="false"/>
							</lines>
						</method>
					</methods>
					<lines>
						<line number="20" hits="8" branch="false"/>
						<line number="21" hits="8" branch="false"/>
						<line number="22" hits="8" branch="false"/>
						<line number="23" hits="8" branch="false"/>
						<line number="27" hits="28" branch="true" condition-coverage="75% (3/4)">
							<conditions>
								<condition number="0" type="jump" coverage="100%"/>
								<condition number="1" type="jump" coverage="50%"/>
							</conditions>
						</line>
						<line number="28" hits="4" branch="false"/>
						<line number="29" hits="28" branch="false"/>
					</lines>
				</class>
				<class name="org.lanyonm.grabbag.config.WebAppInitializer" filename="org/lanyonm/grabbag/config/WebAppInitializer.java" line-rate="0.0" branch-rate="0.0" complexity="4.0">
					<methods>
						<method name="&lt;clinit&gt;" signature="()V" line-rate="0.0" branch-rate="1.0">
							<lines>
								<line number="27" hits="0" branch="false"/>
							</lines>
						</method>
						<method name="&lt;init&gt;" signature="()V" line-rate="0.0" branch-rate="1.0">
							<lines>
								<line number="25" hits="0" branch="false"/>
							</lines>
						</method>
						<method name="onStartup" signature="(Ljavax/servlet/ServletContext;)V" line-rate="0.0" branch-rate="0.0">
							<lines>
								<line number="31" hits="0" branch="false"/>
								<line number="32" hits="0" branch="false"/>
								<line number="33" hits="0" branch="false"/>
								<line number="36" hits="0" branch="false"/>
								<line number="37" hits="0" branch="false"/>
								<line number="40" hits="0" branch="false"/>
								<line number="41" hits="0" branch="false"/>
								<line number="49" hits="0" branch="false"/>
								<line number="50" hits="0" branch="false"/>
								<line number="51" hits="0" branch="false"/>
								<line number="52" hits="0" branch="false"/>
								<line number="55" hits="0" branch="false"/>
								<line number="57" hits="0" branch="false"/>
								<line number="58" hits="0" branch="false"/>
								<line number="59" hits="0" branch="true" condition-coverage="0% (0/2)">
									<conditions>
										<condition number="0" type="jump" coverage="0%"/>
									</conditions>
								</line>
								<line number="60" hits="0" branch="true" condition-coverage="0% (0/2)">
									<conditions>
										<condition number="0" type="jump" coverage="0%"/>
									</conditions>
								</line>
								<line number="61" hits="0" branch="false"/>
								<line number="63" hits="0" branch="false"/>
								<line number="67" hits="0" branch="false"/>
							</lines>
						</method>
					</methods>
					<lines>
						<line number="25" hits="0" branch="false"/>
						<line number="27" hits="0" branch="false"/>
						<line number="31" hits="0" branch="false"/>
						<line number="32" hits="0" branch="false"/>
						<line number="33" hits="0" branch="false"/>
						<line number="36" hits="0" branch="false"/>
						<line number="37" hits="0" branch="false"/>
						<line number="40" hits="0" branch="false"/>
						<line number="41" hits="0" branch="false"/>
						<line number="49" hits="0" branch="false"/>
						<line number="50" hits="0" branch="false"/>
						<line number="51" hits="0" branch="false"/>
						<line number="52" hits="0" branch="false"/>
						<line number="55" hits="0" branch="false"/>
						<line number="57" hits="0" branch="false"/>
						<line number="58" hits="0" branch="false"/>
						<line number="59" hits="0" branch="true" condition-coverage="0% (0/2)">
							<conditions>
								<condition number="0" type="jump" coverage="0%"/>
							</conditions>
						</line>
						<line number="60" hits="0" branch="true" condition-coverage="0% (0/2)">
							<conditions>
								<condition number="0" type="jump" coverage="0%"/>
							</conditions>
						</line>
						<line number="61" hits="0" branch="false"/>
						<line number="63" hits="0" branch="false"/>
						<line number="67" hits="0" branch="false"/>
					</lines>
				</class>
				<class name="org.lanyonm.grabbag.config.WebConfig" filename="org/lanyonm/grabbag/config/WebConfig.java" line-rate="1.0" branch-rate="1.0" complexity="1.0">
					<methods>
						<method name="&lt;clinit&gt;" signature="()V" line-rate="1.0" branch-rate="1.0">
							<lines>
								<line number="28" hits="4" branch="false"/>
							</lines>
						</method>
						<method name="&lt;init&gt;" signature="()V" line-rate="1.0" branch-rate="1.0">
							<lines>
								<line number="25" hits="8" branch="false"/>
							</lines>
						</method>
						<method name="addInterceptors" signature="(Lorg/springframework/web/servlet/config/annotation/InterceptorRegistry;)V" line-rate="1.0" branch-rate="1.0">
							<lines>
								<line number="50" hits="8" branch="false"/>
							</lines>
						</method>
						<method name="localeResolver" signature="()Lorg/springframework/web/servlet/LocaleResolver;" line-rate="1.0" branch-rate="1.0">
							<lines>
								<line number="42" hits="8" branch="false"/>
								<line number="44" hits="8" branch="false"/>
							</lines>
						</method>
						<method name="messageSource" signature="()Lorg/springframework/context/MessageSource;" line-rate="1.0" branch-rate="1.0">
							<lines>
								<line number="32" hits="8" branch="false"/>
								<line number="33" hits="8" branch="false"/>
								<line number="34" hits="8" branch="false"/>
								<line number="35" hits="8" branch="false"/>
								<line number="36" hits="8" branch="false"/>
								<line number="37" hits="8" branch="false"/>
							</lines>
						</method>
					</methods>
					<lines>
						<line number="25" hits="8" branch="false"/>
						<line number="28" hits="4" branch="false"/>
						<line number="32" hits="8" branch="false"/>
						<line number="33" hits="8" branch="false"/>
						<line number="34" hits="8" branch="false"/>
						<line number="35" hits="8" branch="false"/>
						<line number="36" hits="8" branch="false"/>
						<line number="37" hits="8" branch="false"/>
						<line number="42" hits="8" branch="false"/>
						<line number="44" hits="8" branch="false"/>
						<line number="50" hits="8" branch="false"/>
					</lines>
				</class>
			</classes>
		</package>
		<package name="org.lanyonm.grabbag.dao" line-rate="1.0" branch-rate="1.0" complexity="1.0">
			<classes>
				<class name="org.lanyonm.grabbag.dao.UsersDao" filename="org/lanyonm/grabbag/dao/UsersDao.java" line-rate="1.0" branch-rate="1.0" complexity="1.0">
					<methods>
					</methods>
					<lines>
					</lines>
				</class>
			</classes>
		</package>
		<package name="org.lanyonm.grabbag.dao.jdbc" line-rate="1.0" branch-rate="1.0" complexity="2.0">
			<classes>
				<class name="org.lanyonm.grabbag.dao.jdbc.UsersDaoImpl" filename="org/lanyonm/grabbag/dao/jdbc/UsersDaoImpl.java" line-rate="1.0" branch-rate="1.0" complexity="2.0">
					<methods>
						<method name="&lt;init&gt;" signature="()V" line-rate="1.0" branch-rate="1.0">
							<lines>
								<line number="16" hits="8" branch="false"/>
							</lines>
						</method>
						<method name="getUsers" signature="()Ljava/util/List;" line-rate="1.0" branch-rate="1.0">
							<lines>
								<line number="26" hits="4" branch="false"/>
								<line number="27" hits="4" branch="false"/>
								<line number="28" hits="4" branch="false"/>
								<line number="29" hits="4" branch="true" condition-coverage="100% (2/2)">
									<conditions>
										<condition number="0" type="jump" coverage="100%"/>
									</conditions>
								</line>
								<line number="30" hits="8" branch="false"/>
								<line number="32" hits="4" branch="false"/>
							</lines>
						</method>
					</methods>
					<lines>
						<line number="16" hits="8" branch="false"/>
						<line number="26" hits="4" branch="false"/>
						<line number="27" hits="4" branch="false"/>
						<line number="28" hits="4" branch="false"/>
						<line number="29" hits="4" branch="true" condition-coverage="100% (2/2)">
							<conditions>
								<condition number="0" type="jump" coverage="100%"/>
							</conditions>
						</line>
						<line number="30" hits="8" branch="false"/>
						<line number="32" hits="4" branch="false"/>
					</lines>
				</class>
			</classes>
		</package>
		<package name="org.lanyonm.grabbag.domain" line-rate="0.7021276595744681" branch-rate="1.0" complexity="1.0">
			<classes>
				<class name="org.lanyonm.grabbag.domain.Ingredient" filename="org/lanyonm/grabbag/domain/Ingredient.java" line-rate="1.0" branch-rate="1.0" complexity="1.0">
					<methods>
						<method name="&lt;init&gt;" signature="()V" line-rate="1.0" branch-rate="1.0">
							<lines>
								<line number="10" hits="648" branch="false"/>
							</lines>
						</method>
						<method name="getDescription" signature="()Ljava/lang/String;" line-rate="1.0" branch-rate="1.0">
							<lines>
								<line number="35" hits="20" branch="false"/>
							</lines>
						</method>
						<method name="getId" signature="()J" line-rate="1.0" branch-rate="1.0">
							<lines>
								<line number="19" hits="56" branch="false"/>
							</lines>
						</method>
						<method name="getName" signature="()Ljava/lang/String;" line-rate="1.0" branch-rate="1.0">
							<lines>
								<line number="27" hits="112" branch="false"/>
							</lines>
						</method>
						<method name="setDescription" signature="(Ljava/lang/String;)V" line-rate="1.0" branch-rate="1.0">
							<lines>
								<line number="39" hits="624" branch="false"/>
								<line number="40" hits="624" branch="false"/>
							</lines>
						</method>
						<method name="setId" signature="(J)V" line-rate="1.0" branch-rate="1.0">
							<lines>
								<line number="23" hits="620" branch="false"/>
								<line number="24" hits="620" branch="false"/>
							</lines>
						</method>
						<method name="setName" signature="(Ljava/lang/String;)V" line-rate="1.0" branch-rate="1.0">
							<lines>
								<line number="31" hits="628" branch="false"/>
								<line number="32" hits="628" branch="false"/>
							</lines>
						</method>
					</methods>
					<lines>
						<line number="10" hits="648" branch="false"/>
						<line number="19" hits="56" branch="false"/>
						<line number="23" hits="620" branch="false"/>
						<line number="24" hits="620" branch="false"/>
						<line number="27" hits="112" branch="false"/>
						<line number="31" hits="628" branch="false"/>
						<line number="32" hits="628" branch="false"/>
						<line number="35" hits="20" branch="false"/>
						<line number="39" hits="624" branch="false"/>
						<line number="40" hits="624" branch="false"/>
					</lines>
				</class>
				<class name="org.lanyonm.grabbag.domain.Recipe" filename="org/lanyonm/grabbag/domain/Recipe.java" line-rate="0.6875" branch-rate="1.0" complexity="1.0">
					<methods>
						<method name="&lt;init&gt;" signature="()V" line-rate="1.0" branch-rate="1.0">
							<lines>
								<line number="6" hits="104" branch="false"/>
							</lines>
						</method>
						<method name="getDescription" signature="()Ljava/lang/String;" line-rate="1.0" branch-rate="1.0">
							<lines>
								<line number="33" hits="12" branch="false"/>
							</lines>
						</method>
						<method name="getId" signature="()J" line-rate="1.0" branch-rate="1.0">
							<lines>
								<line number="17" hits="20" branch="false"/>
							</lines>
						</method>
						<method name="getIngredients" signature="()Ljava/util/List;" line-rate="1.0" branch-rate="1.0">
							<lines>
								<line number="49" hits="404" branch="false"/>
							</lines>
						</method>
						<method name="getName" signature="()Ljava/lang/String;" line-rate="1.0" branch-rate="1.0">
							<lines>
								<line number="25" hits="16" branch="false"/>
							</lines>
						</method>
						<method name="getType" signature="()I" line-rate="0.0" branch-rate="1.0">
							<lines>
								<line number="41" hits="0" branch="false"/>
							</lines>
						</method>
						<method name="setDescription" signature="(Ljava/lang/String;)V" line-rate="0.0" branch-rate="1.0">
							<lines>
								<line number="37" hits="0" branch="false"/>
								<line number="38" hits="0" branch="false"/>
							</lines>
						</method>
						<method name="setId" signature="(J)V" line-rate="1.0" branch-rate="1.0">
							<lines>
								<line number="21" hits="100" branch="false"/>
								<line number="22" hits="100" branch="false"/>
							</lines>
						</method>
						<method name="setIngredients" signature="(Ljava/util/List;)V" line-rate="1.0" branch-rate="1.0">
							<lines>
								<line number="53" hits="96" branch="false"/>
								<line number="54" hits="96" branch="false"/>
							</lines>
						</method>
						<method name="setName" signature="(Ljava/lang/String;)V" line-rate="1.0" branch-rate="1.0">
							<lines>
								<line number="29" hits="100" branch="false"/>
								<line number="30" hits="100" branch="false"/>
							</lines>
						</method>
						<method name="setType" signature="(I)V" line-rate="0.0" branch-rate="1.0">
							<lines>
								<line number="45" hits="0" branch="false"/>
								<line number="46" hits="0" branch="false"/>
							</lines>
						</method>
					</methods>
					<lines>
						<line number="6" hits="104" branch="false"/>
						<line number="17" hits="20" branch="false"/>
						<line number="21" hits="100" branch="false"/>
						<line number="22" hits="100" branch="false"/>
						<line number="25" hits="16" branch="false"/>
						<line number="29" hits="100" branch="false"/>
						<line number="30" hits="100" branch="false"/>
						<line number="33" hits="12" branch="false"/>
						<line number="37" hits="0" branch="false"/>
						<line number="38" hits="0" branch="false"/>
						<line number="41" hits="0" branch="false"/>
						<line number="45" hits="0" branch="false"/>
						<line number="46" hits="0" branch="false"/>
						<line number="49" hits="404" branch="false"/>
						<line number="53" hits="96" branch="false"/>
						<line number="54" hits="96" branch="false"/>
					</lines>
				</class>
				<class name="org.lanyonm.grabbag.domain.RecipeIngredient" filename="org/lanyonm/grabbag/domain/RecipeIngredient.java" line-rate="1.0" branch-rate="1.0" complexity="1.0">
					<methods>
						<method name="&lt;init&gt;" signature="()V" line-rate="1.0" branch-rate="1.0">
							<lines>
								<line number="8" hits="392" branch="false"/>
							</lines>
						</method>
						<method name="getVolume" signature="()Ljava/lang/String;" line-rate="1.0" branch-rate="1.0">
							<lines>
								<line number="15" hits="36" branch="false"/>
							</lines>
						</method>
						<method name="setVolume" signature="(Ljava/lang/String;)V" line-rate="1.0" branch-rate="1.0">
							<lines>
								<line number="19" hits="376" branch="false"/>
								<line number="20" hits="376" branch="false"/>
							</lines>
						</method>
					</methods>
					<lines>
						<line number="8" hits="392" branch="false"/>
						<line number="15" hits="36" branch="false"/>
						<line number="19" hits="376" branch="false"/>
						<line number="20" hits="376" branch="false"/>
					</lines>
				</class>
				<class name="org.lanyonm.grabbag.domain.User" filename="org/lanyonm/grabbag/domain/User.java" line-rate="0.47058823529411764" branch-rate="1.0" complexity="1.0">
					<methods>
						<method name="&lt;init&gt;" signature="()V" line-rate="0.0" branch-rate="1.0">
							<lines>
								<line number="17" hits="0" branch="false"/>
							</lines>
						</method>
						<method name="&lt;init&gt;" signature="(JLjava/lang/String;Ljava/lang/String;Ljava/lang/String;)V" line-rate="1.0" branch-rate="1.0">
							<lines>
								<line number="19" hits="8" branch="false"/>
								<line number="20" hits="8" branch="false"/>
								<line number="21" hits="8" branch="false"/>
								<line number="22" hits="8" branch="false"/>
								<line number="23" hits="8" branch="false"/>
								<line number="24" hits="8" branch="false"/>
							</lines>
						</method>
						<method name="getEmail" signature="()Ljava/lang/String;" line-rate="0.0" branch-rate="1.0">
							<lines>
								<line number="47" hits="0" branch="false"/>
							</lines>
						</method>
						<method name="getFirstName" signature="()Ljava/lang/String;" line-rate="1.0" branch-rate="1.0">
							<lines>
								<line number="31" hits="4" branch="false"/>
							</lines>
						</method>
						<method name="getId" signature="()J" line-rate="1.0" branch-rate="1.0">
							<lines>
								<line number="27" hits="4" branch="false"/>
							</lines>
						</method>
						<method name="getLastName" signature="()Ljava/lang/String;" line-rate="0.0" branch-rate="1.0">
							<lines>
								<line number="39" hits="0" branch="false"/>
							</lines>
						</method>
						<method name="setEmail" signature="(Ljava/lang/String;)V" line-rate="0.0" branch-rate="1.0">
							<lines>
								<line number="51" hits="0" branch="false"/>
								<line number="52" hits="0" branch="false"/>
							</lines>
						</method>
						<method name="setFirstName" signature="(Ljava/lang/String;)V" line-rate="0.0" branch-rate="1.0">
							<lines>
								<line number="35" hits="0" branch="false"/>
								<line number="36" hits="0" branch="false"/>
							</lines>
						</method>
						<method name="setLastName" signature="(Ljava/lang/String;)V" line-rate="0.0" branch-rate="1.0">
							<lines>
								<line number="43" hits="0" branch="false"/>
								<line number="44" hits="0" branch="false"/>
							</lines>
						</method>
					</methods>
					<lines>
						<line number="17" hits="0" branch="false"/>
						<line number="19" hits="8" branch="false"/>
						<line number="20" hits="8" branch="false"/>
						<line number="21" hits="8" branch="false"/>
						<line number="22" hits="8" branch="false"/>
						<line number="23" hits="8" branch="false"/>
						<line number="24" hits="8" branch="false"/>
						<line number="27" hits="4" branch="false"/>
						<line number="31" hits="4" branch="false"/>
						<line number="35" hits="0" branch="false"/>
						<line number="36" hits="0" branch="false"/>
						<line number="39" hits="0" branch="false"/>
						<line number="43" hits="0" branch="false"/>
						<line number="44" hits="0" branch="false"/>
						<line number="47" hits="0" branch="false"/>
						<line number="51" hits="0" branch="false"/>
						<line number="52" hits="0" branch="false"/>
					</lines>
				</class>
			</classes>
		</package>
		<package name="org.lanyonm.grabbag.persistence" line-rate="1.0" branch-rate="1.0" complexity="1.0">
			<classes>
				<class name="org.lanyonm.grabbag.persistence.IngredientMapper" filename="org/lanyonm/grabbag/persistence/IngredientMapper.java" line-rate="1.0" branch-rate="1.0" complexity="1.0">
					<methods>
					</methods>
					<lines>
					</lines>
				</class>
				<class name="org.lanyonm.grabbag.persistence.RecipeMapper" filename="org/lanyonm/grabbag/persistence/RecipeMapper.java" line-rate="1.0" branch-rate="1.0" complexity="1.0">
					<methods>
					</methods>
					<lines>
					</lines>
				</class>
			</classes>
		</package>
		<package name="org.lanyonm.grabbag.service" line-rate="0.95" branch-rate="0.6428571428571429" complexity="1.2222222222222223">
			<classes>
				<class name="org.lanyonm.grabbag.service.CookbookService" filename="org/lanyonm/grabbag/service/CookbookService.java" line-rate="1.0" branch-rate="1.0" complexity="1.0">
					<methods>
					</methods>
					<lines>
					</lines>
				</class>
				<class name="org.lanyonm.grabbag.service.CookbookServiceImpl" filename="org/lanyonm/grabbag/service/CookbookServiceImpl.java" line-rate="0.95" branch-rate="0.6428571428571429" complexity="1.4444444444444444">
					<methods>
						<method name="&lt;init&gt;" signature="()V" line-rate="1.0" branch-rate="1.0">
							<lines>
								<line number="13" hits="8" branch="false"/>
							</lines>
						</method>
						<method name="deleteIngredient" signature="(Lorg/lanyonm/grabbag/domain/Ingredient;)Z" line-rate="1.0" branch-rate="0.75">
							<lines>
								<line number="61" hits="12" branch="true" condition-coverage="100% (2/2)">
									<conditions>
										<condition number="0" type="jump" coverage="100%"/>
									</conditions>
								</line>
								<line number="62" hits="4" branch="false"/>
								<line number="64" hits="8" branch="true" condition-coverage="50% (1/2)">
									<conditions>
										<condition number="0" type="jump" coverage="50%"/>
									</conditions>
								</line>
							</lines>
						</method>
						<method name="deleteRecipe" signature="(Lorg/lanyonm/grabbag/domain/Recipe;)Z" line-rate="1.0" branch-rate="0.5">
							<lines>
								<line number="39" hits="4" branch="true" condition-coverage="50% (1/2)">
									<conditions>
										<condition number="0" type="jump" coverage="50%"/>
									</conditions>
								</line>
							</lines>
						</method>
						<method name="getAllIngredients" signature="()Ljava/util/List;" line-rate="1.0" branch-rate="1.0">
							<lines>
								<line number="43" hits="16" branch="false"/>
							</lines>
						</method>
						<method name="getAllRecipes" signature="()Ljava/util/List;" line-rate="1.0" branch-rate="1.0">
							<lines>
								<line number="21" hits="16" branch="false"/>
							</lines>
						</method>
						<method name="getIngredient" signature="(I)Lorg/lanyonm/grabbag/domain/Ingredient;" line-rate="1.0" branch-rate="1.0">
							<lines>
								<line number="47" hits="24" branch="false"/>
							</lines>
						</method>
						<method name="getRecipe" signature="(I)Lorg/lanyonm/grabbag/domain/Recipe;" line-rate="1.0" branch-rate="1.0">
							<lines>
								<line number="25" hits="32" branch="false"/>
							</lines>
						</method>
						<method name="getRecipesWithIngredient" signature="(Lorg/lanyonm/grabbag/domain/Ingredient;)Ljava/util/List;" line-rate="1.0" branch-rate="1.0">
							<lines>
								<line number="69" hits="16" branch="false"/>
							</lines>
						</method>
						<method name="saveIngredient" signature="(Lorg/lanyonm/grabbag/domain/Ingredient;)Z" line-rate="1.0" branch-rate="0.75">
							<lines>
								<line number="51" hits="8" branch="false"/>
								<line number="52" hits="8" branch="true" condition-coverage="100% (2/2)">
									<conditions>
										<condition number="0" type="jump" coverage="100%"/>
									</conditions>
								</line>
								<line number="53" hits="4" branch="false"/>
								<line number="55" hits="4" branch="false"/>
								<line number="57" hits="8" branch="true" condition-coverage="50% (1/2)">
									<conditions>
										<condition number="0" type="jump" coverage="50%"/>
									</conditions>
								</line>
							</lines>
						</method>
						<method name="saveRecipe" signature="(Lorg/lanyonm/grabbag/domain/Recipe;)Z" line-rate="0.8" branch-rate="0.5">
							<lines>
								<line number="29" hits="4" branch="false"/>
								<line number="30" hits="4" branch="true" condition-coverage="50% (1/2)">
									<conditions>
										<condition number="0" type="jump" coverage="50%"/>
									</conditions>
								</line>
								<line number="31" hits="0" branch="false"/>
								<line number="33" hits="4" branch="false"/>
								<line number="35" hits="4" branch="true" condition-coverage="50% (1/2)">
									<conditions>
										<condition number="0" type="jump" coverage="50%"/>
									</conditions>
								</line>
							</lines>
						</method>
					</methods>
					<lines>
						<line number="13" hits="8" branch="false"/>
						<line number="21" hits="16" branch="false"/>
						<line number="25" hits="32" branch="false"/>
						<line number="29" hits="4" branch="false"/>
						<line number="30" hits="4" branch="true" condition-coverage="50% (1/2)">
							<conditions>
								<condition number="0" type="jump" coverage="50%"/>
							</conditions>
						</line>
						<line number="31" hits="0" branch="false"/>
						<line number="33" hits="4" branch="false"/>
						<line number="35" hits="4" branch="true" condition-coverage="50% (1/2)">
							<conditions>
								<condition number="0" type="jump" coverage="50%"/>
							</conditions>
						</line>
						<line number="39" hits="4" branch="true" condition-coverage="50% (1/2)">
							<conditions>
								<condition number="0" type="jump" coverage="50%"/>
							</conditions>
						</line>
						<line number="43" hits="16" branch="false"/>
						<line number="47" hits="24" branch="false"/>
						<line number="51" hits="8" branch="false"/>
						<line number="52" hits="8" branch="true" condition-coverage="100% (2/2)">
							<conditions>
								<condition number="0" type="jump" coverage="100%"/>
							</conditions>
						</line>
						<line number="53" hits="4" branch="false"/>
						<line number="55" hits="4" branch="false"/>
						<line number="57" hits="8" branch="true" condition-coverage="50% (1/2)">
							<conditions>
								<condition number="0" type="jump" coverage="50%"/>
							</conditions>
						</line>
						<line number="61" hits="12" branch="true" condition-coverage="100% (2/2)">
							<conditions>
								<condition number="0" type="jump" coverage="100%"/>
							</conditions>
						</line>
						<line number="62" hits="4" branch="false"/>
						<line number="64" hits="8" branch="true" condition-coverage="50% (1/2)">
							<conditions>
								<condition number="0" type="jump" coverage="50%"/>
							</conditions>
						</line>
						<line number="69" hits="16" branch="false"/>
					</lines>
				</class>
			</classes>
		</package>
		<package name="org.lanyonm.grabbag.web.controller" line-rate="0.6483516483516484" branch-rate="0.5" complexity="2.6153846153846154">
			<classes>
				<class name="org.lanyonm.grabbag.web.controller.CookbookController" filename="org/lanyonm/grabbag/web/controller/CookbookController.java" line-rate="0.6410256410256411" branch-rate="0.5" complexity="3.3333333333333335">
					<methods>
						<method name="&lt;clinit&gt;" signature="()V" line-rate="1.0" branch-rate="1.0">
							<lines>
								<line number="32" hits="4" branch="false"/>
							</lines>
						</method>
						<method name="&lt;init&gt;" signature="()V" line-rate="1.0" branch-rate="1.0">
							<lines>
								<line number="25" hits="4" branch="false"/>
							</lines>
						</method>
						<method name="deleteRecipe" signature="(ILorg/springframework/ui/Model;)Ljava/lang/String;" line-rate="0.0" branch-rate="0.0">
							<lines>
								<line number="88" hits="0" branch="false"/>
								<line number="89" hits="0" branch="true" condition-coverage="0% (0/2)">
									<conditions>
										<condition number="0" type="jump" coverage="0%"/>
									</conditions>
								</line>
								<line number="90" hits="0" branch="false"/>
								<line number="92" hits="0" branch="false"/>
								<line number="94" hits="0" branch="false"/>
							</lines>
						</method>
						<method name="index" signature="(Lorg/springframework/ui/Model;)Ljava/lang/String;" line-rate="1.0" branch-rate="1.0">
							<lines>
								<line number="36" hits="4" branch="false"/>
								<line number="37" hits="4" branch="false"/>
								<line number="38" hits="4" branch="false"/>
							</lines>
						</method>
						<method name="ingredientAddEditSave" signature="(ILorg/springframework/ui/Model;Lorg/lanyonm/grabbag/web/form/IngredientForm;Lorg/springframework/validation/BindingResult;)Ljava/lang/String;" line-rate="0.9411764705882353" branch-rate="0.75">
							<lines>
								<line number="120" hits="12" branch="false"/>
								<line number="121" hits="12" branch="false"/>
								<line number="122" hits="12" branch="true" condition-coverage="100% (2/2)">
									<conditions>
										<condition number="0" type="jump" coverage="100%"/>
									</conditions>
								</line>
								<line number="123" hits="4" branch="true" condition-coverage="50% (1/2)">
									<conditions>
										<condition number="0" type="jump" coverage="50%"/>
									</conditions>
								</line>
								<line number="124" hits="4" branch="false"/>
								<line number="127" hits="8" branch="false"/>
								<line number="128" hits="8" branch="true" condition-coverage="100% (2/2)">
									<conditions>
										<condition number="0" type="jump" coverage="100%"/>
									</conditions>
								</line>
								<line number="129" hits="4" branch="false"/>
								<line number="130" hits="4" branch="false"/>
								<line number="131" hits="4" branch="false"/>
								<line number="133" hits="4" branch="false"/>
								<line number="134" hits="4" branch="true" condition-coverage="50% (1/2)">
									<conditions>
										<condition number="0" type="jump" coverage="50%"/>
									</conditions>
								</line>
								<line number="135" hits="4" branch="false"/>
								<line number="136" hits="4" branch="false"/>
								<line number="137" hits="4" branch="false"/>
								<line number="139" hits="0" branch="false"/>
								<line number="142" hits="8" branch="false"/>
							</lines>
						</method>
						<method name="ingredientAddEditShow" signature="(ILorg/springframework/ui/Model;)Ljava/lang/String;" line-rate="0.7" branch-rate="0.3">
							<lines>
								<line number="105" hits="4" branch="false"/>
								<line number="106" hits="4" branch="false"/>
								<line number="107" hits="4" branch="true" condition-coverage="25% (1/4)">
									<conditions>
										<condition number="0" type="jump" coverage="50%"/>
										<condition number="1" type="jump" coverage="0%"/>
									</conditions>
								</line>
								<line number="108" hits="0" branch="false"/>
								<line number="109" hits="0" branch="false"/>
								<line number="110" hits="4" branch="true" condition-coverage="25% (1/4)">
									<conditions>
										<condition number="0" type="jump" coverage="50%"/>
										<condition number="1" type="jump" coverage="0%"/>
									</conditions>
								</line>
								<line number="111" hits="0" branch="false"/>
								<line number="113" hits="4" branch="false"/>
								<line number="114" hits="4" branch="true" condition-coverage="50% (1/2)">
									<conditions>
										<condition number="0" type="jump" coverage="50%"/>
									</conditions>
								</line>
								<line number="115" hits="4" branch="false"/>
							</lines>
						</method>
						<method name="ingredientDelete" signature="(ILorg/springframework/ui/Model;)Ljava/lang/String;" line-rate="0.4166666666666667" branch-rate="0.3333333333333333">
							<lines>
								<line number="147" hits="4" branch="false"/>
								<line number="148" hits="4" branch="true" condition-coverage="50% (1/2)">
									<conditions>
										<condition number="0" type="jump" coverage="50%"/>
									</conditions>
								</line>
								<line number="149" hits="0" branch="false"/>
								<line number="150" hits="0" branch="false"/>
								<line number="151" hits="0" branch="true" condition-coverage="0% (0/2)">
									<conditions>
										<condition number="0" type="jump" coverage="0%"/>
									</conditions>
								</line>
								<line number="152" hits="0" branch="false"/>
								<line number="154" hits="0" branch="false"/>
								<line number="155" hits="0" branch="false"/>
								<line number="156" hits="4" branch="true" condition-coverage="50% (1/2)">
									<conditions>
										<condition number="0" type="jump" coverage="50%"/>
									</conditions>
								</line>
								<line number="157" hits="4" branch="false"/>
								<line number="159" hits="0" branch="false"/>
								<line number="162" hits="4" branch="false"/>
							</lines>
						</method>
						<method name="ingredients" signature="(Lorg/springframework/ui/Model;)Ljava/lang/String;" line-rate="1.0" branch-rate="1.0">
							<lines>
								<line number="99" hits="8" branch="false"/>
								<line number="100" hits="8" branch="false"/>
							</lines>
						</method>
						<method name="recipe" signature="(ILorg/springframework/ui/Model;)Ljava/lang/String;" line-rate="1.0" branch-rate="1.0">
							<lines>
								<line number="43" hits="8" branch="false"/>
								<line number="44" hits="8" branch="true" condition-coverage="100% (2/2)">
									<conditions>
										<condition number="0" type="jump" coverage="100%"/>
									</conditions>
								</line>
								<line number="45" hits="4" branch="false"/>
								<line number="46" hits="4" branch="false"/>
								<line number="48" hits="4" branch="false"/>
								<line number="49" hits="4" branch="false"/>
							</lines>
						</method>
						<method name="recipeAddEditSave" signature="(ILorg/springframework/ui/Model;Lorg/lanyonm/grabbag/web/form/RecipeForm;Lorg/springframework/validation/BindingResult;)Ljava/lang/String;" line-rate="0.0" branch-rate="0.0">
							<lines>
								<line number="68" hits="0" branch="false"/>
								<line number="69" hits="0" branch="true" condition-coverage="0% (0/2)">
									<conditions>
										<condition number="0" type="jump" coverage="0%"/>
									</conditions>
								</line>
								<line number="70" hits="0" branch="false"/>
								<line number="71" hits="0" branch="false"/>
								<line number="72" hits="0" branch="false"/>
								<line number="74" hits="0" branch="false"/>
								<line number="75" hits="0" branch="true" condition-coverage="0% (0/2)">
									<conditions>
										<condition number="0" type="jump" coverage="0%"/>
									</conditions>
								</line>
								<line number="76" hits="0" branch="false"/>
								<line number="77" hits="0" branch="false"/>
								<line number="78" hits="0" branch="false"/>
								<line number="80" hits="0" branch="false"/>
								<line number="83" hits="0" branch="false"/>
							</lines>
						</method>
						<method name="recipeAddEditShow" signature="(ILorg/springframework/ui/Model;)Ljava/lang/String;" line-rate="1.0" branch-rate="1.0">
							<lines>
								<line number="54" hits="12" branch="false"/>
								<line number="55" hits="12" branch="true" condition-coverage="100% (4/4)">
									<conditions>
										<condition number="0" type="jump" coverage="100%"/>
										<condition number="1" type="jump" coverage="100%"/>
									</conditions>
								</line>
								<line number="56" hits="4" branch="false"/>
								<line number="57" hits="4" branch="false"/>
								<line number="58" hits="8" branch="true" condition-coverage="100% (2/2)">
									<conditions>
										<condition number="0" type="jump" coverage="100%"/>
									</conditions>
								</line>
								<line number="59" hits="4" branch="false"/>
								<line number="61" hits="8" branch="false"/>
								<line number="62" hits="8" branch="false"/>
								<line number="63" hits="8" branch="false"/>
							</lines>
						</method>
					</methods>
					<lines>
						<line number="25" hits="4" branch="false"/>
						<line number="32" hits="4" branch="false"/>
						<line number="36" hits="4" branch="false"/>
						<line number="37" hits="4" branch="false"/>
						<line number="38" hits="4" branch="false"/>
						<line number="43" hits="8" branch="false"/>
						<line number="44" hits="8" branch="true" condition-coverage="100% (2/2)">
							<conditions>
								<condition number="0" type="jump" coverage="100%"/>
							</conditions>
						</line>
						<line number="45" hits="4" branch="false"/>
						<line number="46" hits="4" branch="false"/>
						<line number="48" hits="4" branch="false"/>
						<line number="49" hits="4" branch="false"/>
						<line number="54" hits="12" branch="false"/>
						<line number="55" hits="12" branch="true" condition-coverage="100% (4/4)">
							<conditions>
								<condition number="0" type="jump" coverage="100%"/>
								<condition number="1" type="jump" coverage="100%"/>
							</conditions>
						</line>
						<line number="56" hits="4" branch="false"/>
						<line number="57" hits="4" branch="false"/>
						<line number="58" hits="8" branch="true" condition-coverage="100% (2/2)">
							<conditions>
								<condition number="0" type="jump" coverage="100%"/>
							</conditions>
						</line>
						<line number="59" hits="4" branch="false"/>
						<line number="61" hits="8" branch="false"/>
						<line number="62" hits="8" branch="false"/>
						<line number="63" hits="8" branch="false"/>
						<line number="68" hits="0" branch="false"/>
						<line number="69" hits="0" branch="true" condition-coverage="0% (0/2)">
							<conditions>
								<condition number="0" type="jump" coverage="0%"/>
							</conditions>
						</line>
						<line number="70" hits="0" branch="false"/>
						<line number="71" hits="0" branch="false"/>
						<line number="72" hits="0" branch="false"/>
						<line number="74" hits="0" branch="false"/>
						<line number="75" hits="0" branch="true" condition-coverage="0% (0/2)">
							<conditions>
								<condition number="0" type="jump" coverage="0%"/>
							</conditions>
						</line>
						<line number="76" hits="0" branch="false"/>
						<line number="77" hits="0" branch="false"/>
						<line number="78" hits="0" branch="false"/>
						<line number="80" hits="0" branch="false"/>
						<line number="83" hits="0" branch="false"/>
						<line number="88" hits="0" branch="false"/>
						<line number="89" hits="0" branch="true" condition-coverage="0% (0/2)">
							<conditions>
								<condition number="0" type="jump" coverage="0%"/>
							</conditions>
						</line>
						<line number="90" hits="0" branch="false"/>
						<line number="92" hits="0" branch="false"/>
						<line number="94" hits="0" branch="false"/>
						<line number="99" hits="8" branch="false"/>
						<line number="100" hits="8" branch="false"/>
						<line number="105" hits="4" branch="false"/>
						<line number="106" hits="4" branch="false"/>
						<line number="107" hits="4" branch="true" condition-coverage="25% (1/4)">
							<conditions>
								<condition number="0" type="jump" coverage="50%"/>
								<condition number="1" type="jump" coverage="0%"/>
							</conditions>
						</line>
						<line number="108" hits="0" branch="false"/>
						<line number="109" hits="0" branch="false"/>
						<line number="110" hits="4" branch="true" condition-coverage="25% (1/4)">
							<conditions>
								<condition number="0" type="jump" coverage="50%"/>
								<condition number="1" type="jump" coverage="0%"/>
							</conditions>
						</line>
						<line number="111" hits="0" branch="false"/>
						<line number="113" hits="4" branch="false"/>
						<line number="114" hits="4" branch="true" condition-coverage="50% (1/2)">
							<conditions>
								<condition number="0" type="jump" coverage="50%"/>
							</conditions>
						</line>
						<line number="115" hits="4" branch="false"/>
						<line number="120" hits="12" branch="false"/>
						<line number="121" hits="12" branch="false"/>
						<line number="122" hits="12" branch="true" condition-coverage="100% (2/2)">
							<conditions>
								<condition number="0" type="jump" coverage="100%"/>
							</conditions>
						</line>
						<line number="123" hits="4" branch="true" condition-coverage="50% (1/2)">
							<conditions>
								<condition number="0" type="jump" coverage="50%"/>
							</conditions>
						</line>
						<line number="124" hits="4" branch="false"/>
						<line number="127" hits="8" branch="false"/>
						<line number="128" hits="8" branch="true" condition-coverage="100% (2/2)">
							<conditions>
								<condition number="0" type="jump" coverage="100%"/>
							</conditions>
						</line>
						<line number="129" hits="4" branch="false"/>
						<line number="130" hits="4" branch="false"/>
						<line number="131" hits="4" branch="false"/>
						<line number="133" hits="4" branch="false"/>
						<line number="134" hits="4" branch="true" condition-coverage="50% (1/2)">
							<conditions>
								<condition number="0" type="jump" coverage="50%"/>
							</conditions>
						</line>
						<line number="135" hits="4" branch="false"/>
						<line number="136" hits="4" branch="false"/>
						<line number="137" hits="4" branch="false"/>
						<line number="139" hits="0" branch="false"/>
						<line number="142" hits="8" branch="false"/>
						<line number="147" hits="4" branch="false"/>
						<line number="148" hits="4" branch="true" condition-coverage="50% (1/2)">
							<conditions>
								<condition number="0" type="jump" coverage="50%"/>
							</conditions>
						</line>
						<line number="149" hits="0" branch="false"/>
						<line number="150" hits="0" branch="false"/>
						<line number="151" hits="0" branch="true" condition-coverage="0% (0/2)">
							<conditions>
								<condition number="0" type="jump" coverage="0%"/>
							</conditions>
						</line>
						<line number="152" hits="0" branch="false"/>
						<line number="154" hits="0" branch="false"/>
						<line number="155" hits="0" branch="false"/>
						<line number="156" hits="4" branch="true" condition-coverage="50% (1/2)">
							<conditions>
								<condition number="0" type="jump" coverage="50%"/>
							</conditions>
						</line>
						<line number="157" hits="4" branch="false"/>
						<line number="159" hits="0" branch="false"/>
						<line number="162" hits="4" branch="false"/>
					</lines>
				</class>
				<class name="org.lanyonm.grabbag.web.controller.HomeController" filename="org/lanyonm/grabbag/web/controller/HomeController.java" line-rate="0.6923076923076923" branch-rate="1.0" complexity="1.0">
					<methods>
						<method name="&lt;clinit&gt;" signature="()V" line-rate="1.0" branch-rate="1.0">
							<lines>
								<line number="22" hits="4" branch="false"/>
							</lines>
						</method>
						<method name="&lt;init&gt;" signature="()V" line-rate="1.0" branch-rate="1.0">
							<lines>
								<line number="14" hits="4" branch="false"/>
							</lines>
						</method>
						<method name="definedPath" signature="(Lorg/springframework/ui/Model;)Ljava/lang/String;" line-rate="1.0" branch-rate="1.0">
							<lines>
								<line number="38" hits="4" branch="false"/>
								<line number="39" hits="4" branch="false"/>
								<line number="40" hits="4" branch="false"/>
								<line number="41" hits="4" branch="false"/>
							</lines>
						</method>
						<method name="index" signature="(Lorg/springframework/ui/Model;)V" line-rate="1.0" branch-rate="1.0">
							<lines>
								<line number="32" hits="4" branch="false"/>
								<line number="33" hits="4" branch="false"/>
								<line number="34" hits="4" branch="false"/>
							</lines>
						</method>
						<method name="jdbc" signature="(Lorg/springframework/ui/Model;)V" line-rate="0.0" branch-rate="1.0">
							<lines>
								<line number="46" hits="0" branch="false"/>
								<line number="47" hits="0" branch="false"/>
							</lines>
						</method>
						<method name="mybatis" signature="(Lorg/springframework/ui/Model;)V" line-rate="0.0" branch-rate="1.0">
							<lines>
								<line number="51" hits="0" branch="false"/>
								<line number="52" hits="0" branch="false"/>
							</lines>
						</method>
					</methods>
					<lines>
						<line number="14" hits="4" branch="false"/>
						<line number="22" hits="4" branch="false"/>
						<line number="32" hits="4" branch="false"/>
						<line number="33" hits="4" branch="false"/>
						<line number="34" hits="4" branch="false"/>
						<line number="38" hits="4" branch="false"/>
						<line number="39" hits="4" branch="false"/>
						<line number="40" hits="4" branch="false"/>
						<line number="41" hits="4" branch="false"/>
						<line number="46" hits="0" branch="false"/>
						<line number="47" hits="0" branch="false"/>
						<line number="51" hits="0" branch="false"/>
						<line number="52" hits="0" branch="false"/>
					</lines>
				</class>
			</classes>
		</package>
		<package name="org.lanyonm.grabbag.web.form" line-rate="0.4375" branch-rate="1.0" complexity="1.0">
			<classes>
				<class name="org.lanyonm.grabbag.web.form.IngredientForm" filename="org/lanyonm/grabbag/web/form/IngredientForm.java" line-rate="0.875" branch-rate="1.0" complexity="1.0">
					<methods>
						<method name="&lt;init&gt;" signature="()V" line-rate="1.0" branch-rate="1.0">
							<lines>
								<line number="5" hits="12" branch="false"/>
							</lines>
						</method>
						<method name="getDescription" signature="()Ljava/lang/String;" line-rate="1.0" branch-rate="1.0">
							<lines>
								<line number="20" hits="20" branch="false"/>
							</lines>
						</method>
						<method name="getName" signature="()Ljava/lang/String;" line-rate="1.0" branch-rate="1.0">
							<lines>
								<line number="12" hits="20" branch="false"/>
							</lines>
						</method>
						<method name="setDescription" signature="(Ljava/lang/String;)V" line-rate="1.0" branch-rate="1.0">
							<lines>
								<line number="24" hits="12" branch="false"/>
								<line number="25" hits="12" branch="false"/>
							</lines>
						</method>
						<method name="setName" signature="(Ljava/lang/String;)V" line-rate="1.0" branch-rate="1.0">
							<lines>
								<line number="16" hits="12" branch="false"/>
								<line number="17" hits="12" branch="false"/>
							</lines>
						</method>
						<method name="toString" signature="()Ljava/lang/String;" line-rate="0.0" branch-rate="1.0">
							<lines>
								<line number="28" hits="0" branch="false"/>
							</lines>
						</method>
					</methods>
					<lines>
						<line number="5" hits="12" branch="false"/>
						<line number="12" hits="20" branch="false"/>
						<line number="16" hits="12" branch="false"/>
						<line number="17" hits="12" branch="false"/>
						<line number="20" hits="20" branch="false"/>
						<line number="24" hits="12" branch="false"/>
						<line number="25" hits="12" branch="false"/>
						<line number="28" hits="0" branch="false"/>
					</lines>
				</class>
				<class name="org.lanyonm.grabbag.web.form.RecipeForm" filename="org/lanyonm/grabbag/web/form/RecipeForm.java" line-rate="0.0" branch-rate="1.0" complexity="1.0">
					<methods>
						<method name="&lt;init&gt;" signature="()V" line-rate="0.0" branch-rate="1.0">
							<lines>
								<line number="3" hits="0" branch="false"/>
							</lines>
						</method>
						<method name="getDescription" signature="()Ljava/lang/String;" line-rate="0.0" branch-rate="1.0">
							<lines>
								<line number="17" hits="0" branch="false"/>
							</lines>
						</method>
						<method name="getName" signature="()Ljava/lang/String;" line-rate="0.0" branch-rate="1.0">
							<lines>
								<line number="9" hits="0" branch="false"/>
							</lines>
						</method>
						<method name="setDescription" signature="(Ljava/lang/String;)V" line-rate="0.0" branch-rate="1.0">
							<lines>
								<line number="21" hits="0" branch="false"/>
								<line number="22" hits="0" branch="false"/>
							</lines>
						</method>
						<method name="setName" signature="(Ljava/lang/String;)V" line-rate="0.0" branch-rate="1.0">
							<lines>
								<line number="13" hits="0" branch="false"/>
								<line number="14" hits="0" branch="false"/>
							</lines>
						</method>
						<method name="toString" signature="()Ljava/lang/String;" line-rate="0.0" branch-rate="1.0">
							<lines>
								<line number="25" hits="0" branch="false"/>
							</lines>
						</method>
					</methods>
					<lines>
						<line number="3" hits="0" branch="false"/>
						<line number="9" hits="0" branch="false"/>
						<line number="13" hits="0" branch="false"/>
						<line number="14" hits="0" branch="false"/>
						<line number="17" hits="0" branch="false"/>
						<line number="21" hits="0" branch="false"/>
						<line number="22" hits="0" branch="false"/>
						<line number="25" hits="0" branch="false"/>
					</lines>
				</class>
			</classes>
		</package>
	</packages>
</coverage>
